<?xml version="1.0" encoding="UTF-8"?>
<!-- Generated by org.testng.reporters.JUnitReportReporter -->
<testsuite hostname="DESKTOP-BMGN1SR" failures="0" tests="1" name="com.actiTime.testscrip.AddProject" time="24.659" errors="0" timestamp="2023-01-06T20:55:46 IST" skipped="0">
  <testcase classname="com.actiTime.testscrip.AddProject" name="addProject" time="24.659"/>
  <system-out/>
</testsuite> <!-- com.actiTime.testscrip.AddProject -->
