<?xml version="1.0" encoding="UTF-8"?>
<!-- Generated by org.testng.reporters.JUnitReportReporter -->
<testsuite hostname="DESKTOP-BMGN1SR" failures="0" tests="1" name="com.actiTime.testscrip.HomePage" time="0.437" errors="0" timestamp="2023-01-04T10:44:00 IST" skipped="0">
  <testcase classname="com.actiTime.testscrip.HomePage" name="testlogin" time="0.437"/>
  <system-out>
    <![CDATA[Home page displayed sucessfully]]>
  </system-out>
</testsuite> <!-- com.actiTime.testscrip.HomePage -->
