<?xml version="1.0" encoding="UTF-8"?>
<!-- Generated by org.testng.reporters.JUnitReportReporter -->
<testsuite hostname="DESKTOP-BMGN1SR" failures="0" tests="1" name="com.actiTime.pom.Details" time="2.288" errors="0" timestamp="2023-01-03T18:04:49 IST" skipped="0">
  <testcase classname="com.actiTime.pom.Details" name="accessData" time="2.288"/>
  <system-out/>
</testsuite> <!-- com.actiTime.pom.Details -->
