<?xml version="1.0" encoding="UTF-8"?>
<!-- Generated by org.testng.reporters.JUnitReportReporter -->
<testsuite hostname="DESKTOP-BMGN1SR" failures="0" tests="1" name="com.actiTime.testscrip.LoginTest" time="7.492" errors="0" timestamp="2023-01-04T15:58:45 IST" skipped="0">
  <testcase classname="com.actiTime.testscrip.LoginTest" name="testlogin" time="7.492"/>
  <system-out>
    <![CDATA[Home page displayed sucessfully]]>
  </system-out>
</testsuite> <!-- com.actiTime.testscrip.LoginTest -->
