<?xml version="1.0" encoding="UTF-8"?>
<!-- Generated by org.testng.reporters.JUnitReportReporter -->
<testsuite hostname="DESKTOP-BMGN1SR" failures="0" tests="1" name="com.actiTime.testscrip.CreateCustomer" time="13.622" errors="0" timestamp="2023-01-06T16:36:08 IST" skipped="0">
  <testcase classname="com.actiTime.testscrip.CreateCustomer" name="testlogin" time="13.622"/>
  <system-out/>
</testsuite> <!-- com.actiTime.testscrip.CreateCustomer -->
