<?xml version="1.0" encoding="UTF-8"?>
<!-- Generated by org.testng.reporters.JUnitReportReporter -->
<testsuite hostname="DESKTOP-BMGN1SR" failures="0" tests="1" name="com.actiTime.testscrip.DleteExistProject" time="30.302" errors="0" timestamp="2023-01-06T20:57:59 IST" skipped="0">
  <testcase classname="com.actiTime.testscrip.DleteExistProject" name="deletePer" time="30.302"/>
  <system-out/>
</testsuite> <!-- com.actiTime.testscrip.DleteExistProject -->
